<?xml version="1.0" encoding="UTF-8"?>
<!-- Generated by org.testng.reporters.JUnitXMLReporter -->
<testsuite ignored="0" hostname="DESKTOP-L1K2MOP" failures="1" tests="2" name="Test" time="32.38" errors="0" timestamp="2023-01-27T20:45:46 IST">
  <testcase classname="com.app.testLayer.LoginPageTest" name="vefiryLoginFunctionality" time="7.796"/>
  <testcase classname="com.app.testLayer.BuyFunctionalityForSamsungMobile" name="verifyBuyFunctionalityForSamsungMobile" time="8.626">
    <failure type="java.lang.NullPointerException" message="Cannot invoke &amp;quot;com.app.utilities.ReadExcel.readData(String, int, int)&amp;quot; because &amp;quot;this.read_excel_obj&amp;quot; is null">
      <![CDATA[java.lang.NullPointerException: Cannot invoke "com.app.utilities.ReadExcel.readData(String, int, int)" because "this.read_excel_obj" is null
at com.app.pageLayer.PlaceOrderPage.sendProductDetails(PlaceOrderPage.java:30)
at com.app.testLayer.BuyFunctionalityForSamsungMobile.verifyBuyFunctionalityForSamsungMobile(BuyFunctionalityForSamsungMobile.java:25)
at java.base/java.util.ArrayList.forEach(ArrayList.java:1511)
... Removed 25 stack frames]]>
    </failure>
  </testcase> <!-- verifyBuyFunctionalityForSamsungMobile -->
</testsuite> <!-- Test -->
