<?xml version="1.0" encoding="UTF-8"?>
<testng-results ignored="0" total="2" passed="1" failed="1" skipped="0">
  <reporter-output>
  </reporter-output>
  <suite started-at="2023-01-27T20:45:13 IST" name="Regression Suite" finished-at="2023-01-27T20:45:46 IST" duration-ms="32380">
    <groups>
    </groups>
    <test started-at="2023-01-27T20:45:13 IST" name="Test" finished-at="2023-01-27T20:45:46 IST" duration-ms="32380">
      <class name="com.app.testLayer.LoginPageTest">
        <test-method is-config="true" signature="start()[pri:0, instance:com.app.testLayer.LoginPageTest@595b007d]" started-at="2023-01-27T20:45:13 IST" name="start" finished-at="2023-01-27T20:45:14 IST" duration-ms="450" status="PASS">
          <reporter-output>
          </reporter-output>
        </test-method> <!-- start -->
        <test-method is-config="true" signature="launch()[pri:0, instance:com.app.testLayer.LoginPageTest@595b007d]" started-at="2023-01-27T20:45:14 IST" name="launch" finished-at="2023-01-27T20:45:22 IST" duration-ms="7797" status="PASS">
          <reporter-output>
          </reporter-output>
        </test-method> <!-- launch -->
        <test-method signature="vefiryLoginFunctionality()[pri:0, instance:com.app.testLayer.LoginPageTest@595b007d]" started-at="2023-01-27T20:45:22 IST" name="vefiryLoginFunctionality" finished-at="2023-01-27T20:45:29 IST" duration-ms="7796" status="PASS">
          <reporter-output>
          </reporter-output>
        </test-method> <!-- vefiryLoginFunctionality -->
        <test-method is-config="true" signature="tearDown()[pri:0, instance:com.app.testLayer.LoginPageTest@595b007d]" started-at="2023-01-27T20:45:29 IST" name="tearDown" finished-at="2023-01-27T20:45:31 IST" duration-ms="1299" status="PASS">
          <reporter-output>
          </reporter-output>
        </test-method> <!-- tearDown -->
        <test-method is-config="true" signature="stop()[pri:0, instance:com.app.testLayer.LoginPageTest@595b007d]" started-at="2023-01-27T20:45:31 IST" name="stop" finished-at="2023-01-27T20:45:31 IST" duration-ms="1" status="PASS">
          <reporter-output>
          </reporter-output>
        </test-method> <!-- stop -->
      </class> <!-- com.app.testLayer.LoginPageTest -->
      <class name="com.app.testLayer.BuyFunctionalityForSamsungMobile">
        <test-method is-config="true" signature="start()[pri:0, instance:com.app.testLayer.BuyFunctionalityForSamsungMobile@7e07db1f]" started-at="2023-01-27T20:45:31 IST" name="start" finished-at="2023-01-27T20:45:31 IST" duration-ms="6" status="PASS">
          <reporter-output>
          </reporter-output>
        </test-method> <!-- start -->
        <test-method is-config="true" signature="launch()[pri:0, instance:com.app.testLayer.BuyFunctionalityForSamsungMobile@7e07db1f]" started-at="2023-01-27T20:45:31 IST" name="launch" finished-at="2023-01-27T20:45:35 IST" duration-ms="4427" status="PASS">
          <reporter-output>
          </reporter-output>
        </test-method> <!-- launch -->
        <test-method signature="verifyBuyFunctionalityForSamsungMobile()[pri:0, instance:com.app.testLayer.BuyFunctionalityForSamsungMobile@7e07db1f]" started-at="2023-01-27T20:45:35 IST" name="verifyBuyFunctionalityForSamsungMobile" finished-at="2023-01-27T20:45:44 IST" duration-ms="8626" status="FAIL">
          <exception class="java.lang.NullPointerException">
            <message>
              <![CDATA[Cannot invoke "com.app.utilities.ReadExcel.readData(String, int, int)" because "this.read_excel_obj" is null]]>
            </message>
            <full-stacktrace>
              <![CDATA[java.lang.NullPointerException: Cannot invoke "com.app.utilities.ReadExcel.readData(String, int, int)" because "this.read_excel_obj" is null
at com.app.pageLayer.PlaceOrderPage.sendProductDetails(PlaceOrderPage.java:30)
at com.app.testLayer.BuyFunctionalityForSamsungMobile.verifyBuyFunctionalityForSamsungMobile(BuyFunctionalityForSamsungMobile.java:25)
at java.base/jdk.internal.reflect.DirectMethodHandleAccessor.invoke(DirectMethodHandleAccessor.java:104)
at java.base/java.lang.reflect.Method.invoke(Method.java:578)
at org.testng.internal.MethodInvocationHelper.invokeMethod(MethodInvocationHelper.java:133)
at org.testng.internal.TestInvoker.invokeMethod(TestInvoker.java:598)
at org.testng.internal.TestInvoker.invokeTestMethod(TestInvoker.java:173)
at org.testng.internal.MethodRunner.runInSequence(MethodRunner.java:46)
at org.testng.internal.TestInvoker$MethodInvocationAgent.invoke(TestInvoker.java:824)
at org.testng.internal.TestInvoker.invokeTestMethods(TestInvoker.java:146)
at org.testng.internal.TestMethodWorker.invokeTestMethods(TestMethodWorker.java:146)
at org.testng.internal.TestMethodWorker.run(TestMethodWorker.java:128)
at java.base/java.util.ArrayList.forEach(ArrayList.java:1511)
at org.testng.TestRunner.privateRun(TestRunner.java:794)
at org.testng.TestRunner.run(TestRunner.java:596)
at org.testng.SuiteRunner.runTest(SuiteRunner.java:377)
at org.testng.SuiteRunner.runSequentially(SuiteRunner.java:371)
at org.testng.SuiteRunner.privateRun(SuiteRunner.java:332)
at org.testng.SuiteRunner.run(SuiteRunner.java:276)
at org.testng.SuiteRunnerWorker.runSuite(SuiteRunnerWorker.java:53)
at org.testng.SuiteRunnerWorker.run(SuiteRunnerWorker.java:96)
at org.testng.TestNG.runSuitesSequentially(TestNG.java:1212)
at org.testng.TestNG.runSuitesLocally(TestNG.java:1134)
at org.testng.TestNG.runSuites(TestNG.java:1063)
at org.testng.TestNG.run(TestNG.java:1031)
at org.testng.remote.AbstractRemoteTestNG.run(AbstractRemoteTestNG.java:115)
at org.testng.remote.RemoteTestNG.initAndRun(RemoteTestNG.java:251)
at org.testng.remote.RemoteTestNG.main(RemoteTestNG.java:77)
]]>
            </full-stacktrace>
          </exception> <!-- java.lang.NullPointerException -->
          <reporter-output>
          </reporter-output>
        </test-method> <!-- verifyBuyFunctionalityForSamsungMobile -->
        <test-method is-config="true" signature="tearDown()[pri:0, instance:com.app.testLayer.BuyFunctionalityForSamsungMobile@7e07db1f]" started-at="2023-01-27T20:45:44 IST" name="tearDown" finished-at="2023-01-27T20:45:46 IST" duration-ms="1385" status="PASS">
          <reporter-output>
          </reporter-output>
        </test-method> <!-- tearDown -->
        <test-method is-config="true" signature="stop()[pri:0, instance:com.app.testLayer.BuyFunctionalityForSamsungMobile@7e07db1f]" started-at="2023-01-27T20:45:46 IST" name="stop" finished-at="2023-01-27T20:45:46 IST" duration-ms="1" status="PASS">
          <reporter-output>
          </reporter-output>
        </test-method> <!-- stop -->
      </class> <!-- com.app.testLayer.BuyFunctionalityForSamsungMobile -->
    </test> <!-- Test -->
  </suite> <!-- Regression Suite -->
</testng-results>
